<?xml version="1.0" encoding="UTF-8"?>
<testsuite xmlns:xsi="http://www.w3.org/2001/XMLSchema-instance" xsi:noNamespaceSchemaLocation="https://maven.apache.org/surefire/maven-surefire-plugin/xsd/surefire-test-report-3.0.xsd" version="3.0" name="taskmaster.RestControllerTests" time="3.638" tests="4" errors="0" skipped="0" failures="0">
  <properties>
    <property name="java.specification.version" value="21"/>
    <property name="sun.cpu.isalist" value="amd64"/>
    <property name="sun.jnu.encoding" value="Cp1252"/>
    <property name="java.class.path" value="C:\Users\M295\Desktop\TaskMaster1\target\test-classes;C:\Users\M295\Desktop\TaskMaster1\target\classes;C:\Users\M295\.m2\repository\org\springframework\boot\spring-boot-starter-data-jpa\3.2.3\spring-boot-starter-data-jpa-3.2.3.jar;C:\Users\M295\.m2\repository\org\springframework\boot\spring-boot-starter-aop\3.2.3\spring-boot-starter-aop-3.2.3.jar;C:\Users\M295\.m2\repository\org\aspectj\aspectjweaver\1.9.21\aspectjweaver-1.9.21.jar;C:\Users\M295\.m2\repository\org\springframework\boot\spring-boot-starter-jdbc\3.2.3\spring-boot-starter-jdbc-3.2.3.jar;C:\Users\M295\.m2\repository\com\zaxxer\HikariCP\5.0.1\HikariCP-5.0.1.jar;C:\Users\M295\.m2\repository\org\springframework\spring-jdbc\6.1.4\spring-jdbc-6.1.4.jar;C:\Users\M295\.m2\repository\org\hibernate\orm\hibernate-core\6.4.4.Final\hibernate-core-6.4.4.Final.jar;C:\Users\M295\.m2\repository\jakarta\persistence\jakarta.persistence-api\3.1.0\jakarta.persistence-api-3.1.0.jar;C:\Users\M295\.m2\repository\jakarta\transaction\jakarta.transaction-api\2.0.1\jakarta.transaction-api-2.0.1.jar;C:\Users\M295\.m2\repository\org\jboss\logging\jboss-logging\3.5.3.Final\jboss-logging-3.5.3.Final.jar;C:\Users\M295\.m2\repository\org\hibernate\common\hibernate-commons-annotations\6.0.6.Final\hibernate-commons-annotations-6.0.6.Final.jar;C:\Users\M295\.m2\repository\io\smallrye\jandex\3.1.2\jandex-3.1.2.jar;C:\Users\M295\.m2\repository\com\fasterxml\classmate\1.6.0\classmate-1.6.0.jar;C:\Users\M295\.m2\repository\net\bytebuddy\byte-buddy\1.14.12\byte-buddy-1.14.12.jar;C:\Users\M295\.m2\repository\org\glassfish\jaxb\jaxb-runtime\4.0.4\jaxb-runtime-4.0.4.jar;C:\Users\M295\.m2\repository\org\glassfish\jaxb\jaxb-core\4.0.4\jaxb-core-4.0.4.jar;C:\Users\M295\.m2\repository\org\eclipse\angus\angus-activation\2.0.1\angus-activation-2.0.1.jar;C:\Users\M295\.m2\repository\org\glassfish\jaxb\txw2\4.0.4\txw2-4.0.4.jar;C:\Users\M295\.m2\repository\com\sun\istack\istack-commons-runtime\4.1.2\istack-commons-runtime-4.1.2.jar;C:\Users\M295\.m2\repository\jakarta\inject\jakarta.inject-api\2.0.1\jakarta.inject-api-2.0.1.jar;C:\Users\M295\.m2\repository\org\antlr\antlr4-runtime\4.13.0\antlr4-runtime-4.13.0.jar;C:\Users\M295\.m2\repository\org\springframework\data\spring-data-jpa\3.2.3\spring-data-jpa-3.2.3.jar;C:\Users\M295\.m2\repository\org\springframework\data\spring-data-commons\3.2.3\spring-data-commons-3.2.3.jar;C:\Users\M295\.m2\repository\org\springframework\spring-orm\6.1.4\spring-orm-6.1.4.jar;C:\Users\M295\.m2\repository\org\springframework\spring-context\6.1.4\spring-context-6.1.4.jar;C:\Users\M295\.m2\repository\org\springframework\spring-tx\6.1.4\spring-tx-6.1.4.jar;C:\Users\M295\.m2\repository\org\springframework\spring-beans\6.1.4\spring-beans-6.1.4.jar;C:\Users\M295\.m2\repository\jakarta\annotation\jakarta.annotation-api\2.1.1\jakarta.annotation-api-2.1.1.jar;C:\Users\M295\.m2\repository\org\slf4j\slf4j-api\2.0.12\slf4j-api-2.0.12.jar;C:\Users\M295\.m2\repository\org\springframework\spring-aspects\6.1.4\spring-aspects-6.1.4.jar;C:\Users\M295\.m2\repository\org\springframework\boot\spring-boot-starter-web\3.2.3\spring-boot-starter-web-3.2.3.jar;C:\Users\M295\.m2\repository\org\springframework\boot\spring-boot-starter\3.2.3\spring-boot-starter-3.2.3.jar;C:\Users\M295\.m2\repository\org\springframework\boot\spring-boot\3.2.3\spring-boot-3.2.3.jar;C:\Users\M295\.m2\repository\org\springframework\boot\spring-boot-autoconfigure\3.2.3\spring-boot-autoconfigure-3.2.3.jar;C:\Users\M295\.m2\repository\org\springframework\boot\spring-boot-starter-logging\3.2.3\spring-boot-starter-logging-3.2.3.jar;C:\Users\M295\.m2\repository\ch\qos\logback\logback-classic\1.4.14\logback-classic-1.4.14.jar;C:\Users\M295\.m2\repository\ch\qos\logback\logback-core\1.4.14\logback-core-1.4.14.jar;C:\Users\M295\.m2\repository\org\apache\logging\log4j\log4j-to-slf4j\2.21.1\log4j-to-slf4j-2.21.1.jar;C:\Users\M295\.m2\repository\org\apache\logging\log4j\log4j-api\2.21.1\log4j-api-2.21.1.jar;C:\Users\M295\.m2\repository\org\slf4j\jul-to-slf4j\2.0.12\jul-to-slf4j-2.0.12.jar;C:\Users\M295\.m2\repository\org\yaml\snakeyaml\2.2\snakeyaml-2.2.jar;C:\Users\M295\.m2\repository\org\springframework\boot\spring-boot-starter-json\3.2.3\spring-boot-starter-json-3.2.3.jar;C:\Users\M295\.m2\repository\com\fasterxml\jackson\core\jackson-databind\2.15.4\jackson-databind-2.15.4.jar;C:\Users\M295\.m2\repository\com\fasterxml\jackson\core\jackson-annotations\2.15.4\jackson-annotations-2.15.4.jar;C:\Users\M295\.m2\repository\com\fasterxml\jackson\core\jackson-core\2.15.4\jackson-core-2.15.4.jar;C:\Users\M295\.m2\repository\com\fasterxml\jackson\datatype\jackson-datatype-jdk8\2.15.4\jackson-datatype-jdk8-2.15.4.jar;C:\Users\M295\.m2\repository\com\fasterxml\jackson\datatype\jackson-datatype-jsr310\2.15.4\jackson-datatype-jsr310-2.15.4.jar;C:\Users\M295\.m2\repository\com\fasterxml\jackson\module\jackson-module-parameter-names\2.15.4\jackson-module-parameter-names-2.15.4.jar;C:\Users\M295\.m2\repository\org\springframework\boot\spring-boot-starter-tomcat\3.2.3\spring-boot-starter-tomcat-3.2.3.jar;C:\Users\M295\.m2\repository\org\apache\tomcat\embed\tomcat-embed-core\10.1.19\tomcat-embed-core-10.1.19.jar;C:\Users\M295\.m2\repository\org\apache\tomcat\embed\tomcat-embed-websocket\10.1.19\tomcat-embed-websocket-10.1.19.jar;C:\Users\M295\.m2\repository\org\springframework\spring-web\6.1.4\spring-web-6.1.4.jar;C:\Users\M295\.m2\repository\io\micrometer\micrometer-observation\1.12.3\micrometer-observation-1.12.3.jar;C:\Users\M295\.m2\repository\io\micrometer\micrometer-commons\1.12.3\micrometer-commons-1.12.3.jar;C:\Users\M295\.m2\repository\org\springframework\spring-webmvc\6.1.4\spring-webmvc-6.1.4.jar;C:\Users\M295\.m2\repository\org\springframework\spring-expression\6.1.4\spring-expression-6.1.4.jar;C:\Users\M295\.m2\repository\org\springframework\boot\spring-boot-starter-validation\3.2.3\spring-boot-starter-validation-3.2.3.jar;C:\Users\M295\.m2\repository\org\apache\tomcat\embed\tomcat-embed-el\10.1.19\tomcat-embed-el-10.1.19.jar;C:\Users\M295\.m2\repository\org\hibernate\validator\hibernate-validator\8.0.1.Final\hibernate-validator-8.0.1.Final.jar;C:\Users\M295\.m2\repository\jakarta\validation\jakarta.validation-api\3.0.2\jakarta.validation-api-3.0.2.jar;C:\Users\M295\.m2\repository\org\springframework\boot\spring-boot-starter-test\3.2.3\spring-boot-starter-test-3.2.3.jar;C:\Users\M295\.m2\repository\org\springframework\boot\spring-boot-test\3.2.3\spring-boot-test-3.2.3.jar;C:\Users\M295\.m2\repository\org\springframework\boot\spring-boot-test-autoconfigure\3.2.3\spring-boot-test-autoconfigure-3.2.3.jar;C:\Users\M295\.m2\repository\com\jayway\jsonpath\json-path\2.9.0\json-path-2.9.0.jar;C:\Users\M295\.m2\repository\jakarta\xml\bind\jakarta.xml.bind-api\4.0.1\jakarta.xml.bind-api-4.0.1.jar;C:\Users\M295\.m2\repository\jakarta\activation\jakarta.activation-api\2.1.2\jakarta.activation-api-2.1.2.jar;C:\Users\M295\.m2\repository\net\minidev\json-smart\2.5.0\json-smart-2.5.0.jar;C:\Users\M295\.m2\repository\net\minidev\accessors-smart\2.5.0\accessors-smart-2.5.0.jar;C:\Users\M295\.m2\repository\org\ow2\asm\asm\9.3\asm-9.3.jar;C:\Users\M295\.m2\repository\org\assertj\assertj-core\3.24.2\assertj-core-3.24.2.jar;C:\Users\M295\.m2\repository\org\awaitility\awaitility\4.2.0\awaitility-4.2.0.jar;C:\Users\M295\.m2\repository\org\hamcrest\hamcrest\2.2\hamcrest-2.2.jar;C:\Users\M295\.m2\repository\org\junit\jupiter\junit-jupiter\5.10.2\junit-jupiter-5.10.2.jar;C:\Users\M295\.m2\repository\org\junit\jupiter\junit-jupiter-params\5.10.2\junit-jupiter-params-5.10.2.jar;C:\Users\M295\.m2\repository\org\junit\jupiter\junit-jupiter-engine\5.10.2\junit-jupiter-engine-5.10.2.jar;C:\Users\M295\.m2\repository\org\mockito\mockito-core\5.7.0\mockito-core-5.7.0.jar;C:\Users\M295\.m2\repository\net\bytebuddy\byte-buddy-agent\1.14.12\byte-buddy-agent-1.14.12.jar;C:\Users\M295\.m2\repository\org\objenesis\objenesis\3.3\objenesis-3.3.jar;C:\Users\M295\.m2\repository\org\skyscreamer\jsonassert\1.5.1\jsonassert-1.5.1.jar;C:\Users\M295\.m2\repository\com\vaadin\external\google\android-json\0.0.20131108.vaadin1\android-json-0.0.20131108.vaadin1.jar;C:\Users\M295\.m2\repository\org\springframework\spring-core\6.1.4\spring-core-6.1.4.jar;C:\Users\M295\.m2\repository\org\springframework\spring-jcl\6.1.4\spring-jcl-6.1.4.jar;C:\Users\M295\.m2\repository\org\springframework\spring-test\6.1.4\spring-test-6.1.4.jar;C:\Users\M295\.m2\repository\org\xmlunit\xmlunit-core\2.9.1\xmlunit-core-2.9.1.jar;C:\Users\M295\.m2\repository\com\h2database\h2\2.2.224\h2-2.2.224.jar;C:\Users\M295\.m2\repository\org\postgresql\postgresql\42.7.2\postgresql-42.7.2.jar;C:\Users\M295\.m2\repository\org\checkerframework\checker-qual\3.42.0\checker-qual-3.42.0.jar;C:\Users\M295\.m2\repository\org\springdoc\springdoc-openapi-starter-webmvc-ui\2.3.0\springdoc-openapi-starter-webmvc-ui-2.3.0.jar;C:\Users\M295\.m2\repository\org\springdoc\springdoc-openapi-starter-webmvc-api\2.3.0\springdoc-openapi-starter-webmvc-api-2.3.0.jar;C:\Users\M295\.m2\repository\org\springdoc\springdoc-openapi-starter-common\2.3.0\springdoc-openapi-starter-common-2.3.0.jar;C:\Users\M295\.m2\repository\io\swagger\core\v3\swagger-core-jakarta\2.2.19\swagger-core-jakarta-2.2.19.jar;C:\Users\M295\.m2\repository\io\swagger\core\v3\swagger-annotations-jakarta\2.2.19\swagger-annotations-jakarta-2.2.19.jar;C:\Users\M295\.m2\repository\io\swagger\core\v3\swagger-models-jakarta\2.2.19\swagger-models-jakarta-2.2.19.jar;C:\Users\M295\.m2\repository\org\webjars\swagger-ui\5.10.3\swagger-ui-5.10.3.jar;C:\Users\M295\.m2\repository\org\projectlombok\lombok\1.18.30\lombok-1.18.30.jar;C:\Users\M295\.m2\repository\com\c4-soft\springaddons\spring-security-oauth2-test-addons\4.5.1\spring-security-oauth2-test-addons-4.5.1.jar;C:\Users\M295\.m2\repository\com\c4-soft\springaddons\spring-security-oauth2-addons\4.5.1\spring-security-oauth2-addons-4.5.1.jar;C:\Users\M295\.m2\repository\org\springframework\security\spring-security-test\6.2.2\spring-security-test-6.2.2.jar;C:\Users\M295\.m2\repository\org\mockito\mockito-junit-jupiter\5.7.0\mockito-junit-jupiter-5.7.0.jar;C:\Users\M295\.m2\repository\org\junit\jupiter\junit-jupiter-api\5.10.2\junit-jupiter-api-5.10.2.jar;C:\Users\M295\.m2\repository\org\opentest4j\opentest4j\1.3.0\opentest4j-1.3.0.jar;C:\Users\M295\.m2\repository\org\junit\platform\junit-platform-commons\1.10.2\junit-platform-commons-1.10.2.jar;C:\Users\M295\.m2\repository\org\apiguardian\apiguardian-api\1.1.2\apiguardian-api-1.1.2.jar;C:\Users\M295\.m2\repository\org\springframework\boot\spring-boot-starter-security\3.2.3\spring-boot-starter-security-3.2.3.jar;C:\Users\M295\.m2\repository\org\springframework\spring-aop\6.1.4\spring-aop-6.1.4.jar;C:\Users\M295\.m2\repository\org\springframework\security\spring-security-config\6.2.2\spring-security-config-6.2.2.jar;C:\Users\M295\.m2\repository\org\springframework\security\spring-security-web\6.2.2\spring-security-web-6.2.2.jar;C:\Users\M295\.m2\repository\org\springframework\boot\spring-boot-starter-oauth2-resource-server\3.2.3\spring-boot-starter-oauth2-resource-server-3.2.3.jar;C:\Users\M295\.m2\repository\org\springframework\security\spring-security-core\6.2.2\spring-security-core-6.2.2.jar;C:\Users\M295\.m2\repository\org\springframework\security\spring-security-crypto\6.2.2\spring-security-crypto-6.2.2.jar;C:\Users\M295\.m2\repository\org\springframework\security\spring-security-oauth2-resource-server\6.2.2\spring-security-oauth2-resource-server-6.2.2.jar;C:\Users\M295\.m2\repository\org\springframework\security\spring-security-oauth2-core\6.2.2\spring-security-oauth2-core-6.2.2.jar;C:\Users\M295\.m2\repository\org\springframework\security\spring-security-oauth2-jose\6.2.2\spring-security-oauth2-jose-6.2.2.jar;C:\Users\M295\.m2\repository\com\nimbusds\nimbus-jose-jwt\9.24.4\nimbus-jose-jwt-9.24.4.jar;C:\Users\M295\.m2\repository\com\github\stephenc\jcip\jcip-annotations\1.0-1\jcip-annotations-1.0-1.jar;C:\Users\M295\.m2\repository\org\springdoc\springdoc-openapi-security\1.7.0\springdoc-openapi-security-1.7.0.jar;C:\Users\M295\.m2\repository\org\springdoc\springdoc-openapi-common\1.7.0\springdoc-openapi-common-1.7.0.jar;C:\Users\M295\.m2\repository\io\swagger\core\v3\swagger-core\2.2.9\swagger-core-2.2.9.jar;C:\Users\M295\.m2\repository\org\apache\commons\commons-lang3\3.13.0\commons-lang3-3.13.0.jar;C:\Users\M295\.m2\repository\com\fasterxml\jackson\dataformat\jackson-dataformat-yaml\2.15.4\jackson-dataformat-yaml-2.15.4.jar;C:\Users\M295\.m2\repository\io\swagger\core\v3\swagger-annotations\2.2.9\swagger-annotations-2.2.9.jar;C:\Users\M295\.m2\repository\io\swagger\core\v3\swagger-models\2.2.9\swagger-models-2.2.9.jar;C:\Users\M295\.m2\repository\org\junit\platform\junit-platform-suite\1.10.2\junit-platform-suite-1.10.2.jar;C:\Users\M295\.m2\repository\org\junit\platform\junit-platform-suite-api\1.10.2\junit-platform-suite-api-1.10.2.jar;C:\Users\M295\.m2\repository\org\junit\platform\junit-platform-suite-engine\1.10.2\junit-platform-suite-engine-1.10.2.jar;C:\Users\M295\.m2\repository\org\junit\platform\junit-platform-engine\1.10.2\junit-platform-engine-1.10.2.jar;C:\Users\M295\.m2\repository\org\junit\platform\junit-platform-suite-commons\1.10.2\junit-platform-suite-commons-1.10.2.jar;C:\Users\M295\.m2\repository\org\junit\platform\junit-platform-launcher\1.10.2\junit-platform-launcher-1.10.2.jar;"/>
    <property name="java.vm.vendor" value="Oracle Corporation"/>
    <property name="sun.arch.data.model" value="64"/>
    <property name="user.variant" value=""/>
    <property name="java.vendor.url" value="https://java.oracle.com/"/>
    <property name="catalina.useNaming" value="false"/>
    <property name="user.timezone" value="Europe/Zurich"/>
    <property name="org.jboss.logging.provider" value="slf4j"/>
    <property name="os.name" value="Windows 10"/>
    <property name="java.vm.specification.version" value="21"/>
    <property name="sun.java.launcher" value="SUN_STANDARD"/>
    <property name="user.country" value="CH"/>
    <property name="sun.boot.library.path" value="C:\Dev\Tools\jdk-21.0.2\bin"/>
    <property name="sun.java.command" value="C:\Users\M295\AppData\Local\Temp\surefire8482039178184099800\surefirebooter-20240419110403801_3.jar C:\Users\M295\AppData\Local\Temp\surefire8482039178184099800 2024-04-19T11-04-03_701-jvmRun1 surefire-20240419110403801_1tmp surefire_0-20240419110403801_2tmp"/>
    <property name="jdk.debug" value="release"/>
    <property name="surefire.test.class.path" value="C:\Users\M295\Desktop\TaskMaster1\target\test-classes;C:\Users\M295\Desktop\TaskMaster1\target\classes;C:\Users\M295\.m2\repository\org\springframework\boot\spring-boot-starter-data-jpa\3.2.3\spring-boot-starter-data-jpa-3.2.3.jar;C:\Users\M295\.m2\repository\org\springframework\boot\spring-boot-starter-aop\3.2.3\spring-boot-starter-aop-3.2.3.jar;C:\Users\M295\.m2\repository\org\aspectj\aspectjweaver\1.9.21\aspectjweaver-1.9.21.jar;C:\Users\M295\.m2\repository\org\springframework\boot\spring-boot-starter-jdbc\3.2.3\spring-boot-starter-jdbc-3.2.3.jar;C:\Users\M295\.m2\repository\com\zaxxer\HikariCP\5.0.1\HikariCP-5.0.1.jar;C:\Users\M295\.m2\repository\org\springframework\spring-jdbc\6.1.4\spring-jdbc-6.1.4.jar;C:\Users\M295\.m2\repository\org\hibernate\orm\hibernate-core\6.4.4.Final\hibernate-core-6.4.4.Final.jar;C:\Users\M295\.m2\repository\jakarta\persistence\jakarta.persistence-api\3.1.0\jakarta.persistence-api-3.1.0.jar;C:\Users\M295\.m2\repository\jakarta\transaction\jakarta.transaction-api\2.0.1\jakarta.transaction-api-2.0.1.jar;C:\Users\M295\.m2\repository\org\jboss\logging\jboss-logging\3.5.3.Final\jboss-logging-3.5.3.Final.jar;C:\Users\M295\.m2\repository\org\hibernate\common\hibernate-commons-annotations\6.0.6.Final\hibernate-commons-annotations-6.0.6.Final.jar;C:\Users\M295\.m2\repository\io\smallrye\jandex\3.1.2\jandex-3.1.2.jar;C:\Users\M295\.m2\repository\com\fasterxml\classmate\1.6.0\classmate-1.6.0.jar;C:\Users\M295\.m2\repository\net\bytebuddy\byte-buddy\1.14.12\byte-buddy-1.14.12.jar;C:\Users\M295\.m2\repository\org\glassfish\jaxb\jaxb-runtime\4.0.4\jaxb-runtime-4.0.4.jar;C:\Users\M295\.m2\repository\org\glassfish\jaxb\jaxb-core\4.0.4\jaxb-core-4.0.4.jar;C:\Users\M295\.m2\repository\org\eclipse\angus\angus-activation\2.0.1\angus-activation-2.0.1.jar;C:\Users\M295\.m2\repository\org\glassfish\jaxb\txw2\4.0.4\txw2-4.0.4.jar;C:\Users\M295\.m2\repository\com\sun\istack\istack-commons-runtime\4.1.2\istack-commons-runtime-4.1.2.jar;C:\Users\M295\.m2\repository\jakarta\inject\jakarta.inject-api\2.0.1\jakarta.inject-api-2.0.1.jar;C:\Users\M295\.m2\repository\org\antlr\antlr4-runtime\4.13.0\antlr4-runtime-4.13.0.jar;C:\Users\M295\.m2\repository\org\springframework\data\spring-data-jpa\3.2.3\spring-data-jpa-3.2.3.jar;C:\Users\M295\.m2\repository\org\springframework\data\spring-data-commons\3.2.3\spring-data-commons-3.2.3.jar;C:\Users\M295\.m2\repository\org\springframework\spring-orm\6.1.4\spring-orm-6.1.4.jar;C:\Users\M295\.m2\repository\org\springframework\spring-context\6.1.4\spring-context-6.1.4.jar;C:\Users\M295\.m2\repository\org\springframework\spring-tx\6.1.4\spring-tx-6.1.4.jar;C:\Users\M295\.m2\repository\org\springframework\spring-beans\6.1.4\spring-beans-6.1.4.jar;C:\Users\M295\.m2\repository\jakarta\annotation\jakarta.annotation-api\2.1.1\jakarta.annotation-api-2.1.1.jar;C:\Users\M295\.m2\repository\org\slf4j\slf4j-api\2.0.12\slf4j-api-2.0.12.jar;C:\Users\M295\.m2\repository\org\springframework\spring-aspects\6.1.4\spring-aspects-6.1.4.jar;C:\Users\M295\.m2\repository\org\springframework\boot\spring-boot-starter-web\3.2.3\spring-boot-starter-web-3.2.3.jar;C:\Users\M295\.m2\repository\org\springframework\boot\spring-boot-starter\3.2.3\spring-boot-starter-3.2.3.jar;C:\Users\M295\.m2\repository\org\springframework\boot\spring-boot\3.2.3\spring-boot-3.2.3.jar;C:\Users\M295\.m2\repository\org\springframework\boot\spring-boot-autoconfigure\3.2.3\spring-boot-autoconfigure-3.2.3.jar;C:\Users\M295\.m2\repository\org\springframework\boot\spring-boot-starter-logging\3.2.3\spring-boot-starter-logging-3.2.3.jar;C:\Users\M295\.m2\repository\ch\qos\logback\logback-classic\1.4.14\logback-classic-1.4.14.jar;C:\Users\M295\.m2\repository\ch\qos\logback\logback-core\1.4.14\logback-core-1.4.14.jar;C:\Users\M295\.m2\repository\org\apache\logging\log4j\log4j-to-slf4j\2.21.1\log4j-to-slf4j-2.21.1.jar;C:\Users\M295\.m2\repository\org\apache\logging\log4j\log4j-api\2.21.1\log4j-api-2.21.1.jar;C:\Users\M295\.m2\repository\org\slf4j\jul-to-slf4j\2.0.12\jul-to-slf4j-2.0.12.jar;C:\Users\M295\.m2\repository\org\yaml\snakeyaml\2.2\snakeyaml-2.2.jar;C:\Users\M295\.m2\repository\org\springframework\boot\spring-boot-starter-json\3.2.3\spring-boot-starter-json-3.2.3.jar;C:\Users\M295\.m2\repository\com\fasterxml\jackson\core\jackson-databind\2.15.4\jackson-databind-2.15.4.jar;C:\Users\M295\.m2\repository\com\fasterxml\jackson\core\jackson-annotations\2.15.4\jackson-annotations-2.15.4.jar;C:\Users\M295\.m2\repository\com\fasterxml\jackson\core\jackson-core\2.15.4\jackson-core-2.15.4.jar;C:\Users\M295\.m2\repository\com\fasterxml\jackson\datatype\jackson-datatype-jdk8\2.15.4\jackson-datatype-jdk8-2.15.4.jar;C:\Users\M295\.m2\repository\com\fasterxml\jackson\datatype\jackson-datatype-jsr310\2.15.4\jackson-datatype-jsr310-2.15.4.jar;C:\Users\M295\.m2\repository\com\fasterxml\jackson\module\jackson-module-parameter-names\2.15.4\jackson-module-parameter-names-2.15.4.jar;C:\Users\M295\.m2\repository\org\springframework\boot\spring-boot-starter-tomcat\3.2.3\spring-boot-starter-tomcat-3.2.3.jar;C:\Users\M295\.m2\repository\org\apache\tomcat\embed\tomcat-embed-core\10.1.19\tomcat-embed-core-10.1.19.jar;C:\Users\M295\.m2\repository\org\apache\tomcat\embed\tomcat-embed-websocket\10.1.19\tomcat-embed-websocket-10.1.19.jar;C:\Users\M295\.m2\repository\org\springframework\spring-web\6.1.4\spring-web-6.1.4.jar;C:\Users\M295\.m2\repository\io\micrometer\micrometer-observation\1.12.3\micrometer-observation-1.12.3.jar;C:\Users\M295\.m2\repository\io\micrometer\micrometer-commons\1.12.3\micrometer-commons-1.12.3.jar;C:\Users\M295\.m2\repository\org\springframework\spring-webmvc\6.1.4\spring-webmvc-6.1.4.jar;C:\Users\M295\.m2\repository\org\springframework\spring-expression\6.1.4\spring-expression-6.1.4.jar;C:\Users\M295\.m2\repository\org\springframework\boot\spring-boot-starter-validation\3.2.3\spring-boot-starter-validation-3.2.3.jar;C:\Users\M295\.m2\repository\org\apache\tomcat\embed\tomcat-embed-el\10.1.19\tomcat-embed-el-10.1.19.jar;C:\Users\M295\.m2\repository\org\hibernate\validator\hibernate-validator\8.0.1.Final\hibernate-validator-8.0.1.Final.jar;C:\Users\M295\.m2\repository\jakarta\validation\jakarta.validation-api\3.0.2\jakarta.validation-api-3.0.2.jar;C:\Users\M295\.m2\repository\org\springframework\boot\spring-boot-starter-test\3.2.3\spring-boot-starter-test-3.2.3.jar;C:\Users\M295\.m2\repository\org\springframework\boot\spring-boot-test\3.2.3\spring-boot-test-3.2.3.jar;C:\Users\M295\.m2\repository\org\springframework\boot\spring-boot-test-autoconfigure\3.2.3\spring-boot-test-autoconfigure-3.2.3.jar;C:\Users\M295\.m2\repository\com\jayway\jsonpath\json-path\2.9.0\json-path-2.9.0.jar;C:\Users\M295\.m2\repository\jakarta\xml\bind\jakarta.xml.bind-api\4.0.1\jakarta.xml.bind-api-4.0.1.jar;C:\Users\M295\.m2\repository\jakarta\activation\jakarta.activation-api\2.1.2\jakarta.activation-api-2.1.2.jar;C:\Users\M295\.m2\repository\net\minidev\json-smart\2.5.0\json-smart-2.5.0.jar;C:\Users\M295\.m2\repository\net\minidev\accessors-smart\2.5.0\accessors-smart-2.5.0.jar;C:\Users\M295\.m2\repository\org\ow2\asm\asm\9.3\asm-9.3.jar;C:\Users\M295\.m2\repository\org\assertj\assertj-core\3.24.2\assertj-core-3.24.2.jar;C:\Users\M295\.m2\repository\org\awaitility\awaitility\4.2.0\awaitility-4.2.0.jar;C:\Users\M295\.m2\repository\org\hamcrest\hamcrest\2.2\hamcrest-2.2.jar;C:\Users\M295\.m2\repository\org\junit\jupiter\junit-jupiter\5.10.2\junit-jupiter-5.10.2.jar;C:\Users\M295\.m2\repository\org\junit\jupiter\junit-jupiter-params\5.10.2\junit-jupiter-params-5.10.2.jar;C:\Users\M295\.m2\repository\org\junit\jupiter\junit-jupiter-engine\5.10.2\junit-jupiter-engine-5.10.2.jar;C:\Users\M295\.m2\repository\org\mockito\mockito-core\5.7.0\mockito-core-5.7.0.jar;C:\Users\M295\.m2\repository\net\bytebuddy\byte-buddy-agent\1.14.12\byte-buddy-agent-1.14.12.jar;C:\Users\M295\.m2\repository\org\objenesis\objenesis\3.3\objenesis-3.3.jar;C:\Users\M295\.m2\repository\org\skyscreamer\jsonassert\1.5.1\jsonassert-1.5.1.jar;C:\Users\M295\.m2\repository\com\vaadin\external\google\android-json\0.0.20131108.vaadin1\android-json-0.0.20131108.vaadin1.jar;C:\Users\M295\.m2\repository\org\springframework\spring-core\6.1.4\spring-core-6.1.4.jar;C:\Users\M295\.m2\repository\org\springframework\spring-jcl\6.1.4\spring-jcl-6.1.4.jar;C:\Users\M295\.m2\repository\org\springframework\spring-test\6.1.4\spring-test-6.1.4.jar;C:\Users\M295\.m2\repository\org\xmlunit\xmlunit-core\2.9.1\xmlunit-core-2.9.1.jar;C:\Users\M295\.m2\repository\com\h2database\h2\2.2.224\h2-2.2.224.jar;C:\Users\M295\.m2\repository\org\postgresql\postgresql\42.7.2\postgresql-42.7.2.jar;C:\Users\M295\.m2\repository\org\checkerframework\checker-qual\3.42.0\checker-qual-3.42.0.jar;C:\Users\M295\.m2\repository\org\springdoc\springdoc-openapi-starter-webmvc-ui\2.3.0\springdoc-openapi-starter-webmvc-ui-2.3.0.jar;C:\Users\M295\.m2\repository\org\springdoc\springdoc-openapi-starter-webmvc-api\2.3.0\springdoc-openapi-starter-webmvc-api-2.3.0.jar;C:\Users\M295\.m2\repository\org\springdoc\springdoc-openapi-starter-common\2.3.0\springdoc-openapi-starter-common-2.3.0.jar;C:\Users\M295\.m2\repository\io\swagger\core\v3\swagger-core-jakarta\2.2.19\swagger-core-jakarta-2.2.19.jar;C:\Users\M295\.m2\repository\io\swagger\core\v3\swagger-annotations-jakarta\2.2.19\swagger-annotations-jakarta-2.2.19.jar;C:\Users\M295\.m2\repository\io\swagger\core\v3\swagger-models-jakarta\2.2.19\swagger-models-jakarta-2.2.19.jar;C:\Users\M295\.m2\repository\org\webjars\swagger-ui\5.10.3\swagger-ui-5.10.3.jar;C:\Users\M295\.m2\repository\org\projectlombok\lombok\1.18.30\lombok-1.18.30.jar;C:\Users\M295\.m2\repository\com\c4-soft\springaddons\spring-security-oauth2-test-addons\4.5.1\spring-security-oauth2-test-addons-4.5.1.jar;C:\Users\M295\.m2\repository\com\c4-soft\springaddons\spring-security-oauth2-addons\4.5.1\spring-security-oauth2-addons-4.5.1.jar;C:\Users\M295\.m2\repository\org\springframework\security\spring-security-test\6.2.2\spring-security-test-6.2.2.jar;C:\Users\M295\.m2\repository\org\mockito\mockito-junit-jupiter\5.7.0\mockito-junit-jupiter-5.7.0.jar;C:\Users\M295\.m2\repository\org\junit\jupiter\junit-jupiter-api\5.10.2\junit-jupiter-api-5.10.2.jar;C:\Users\M295\.m2\repository\org\opentest4j\opentest4j\1.3.0\opentest4j-1.3.0.jar;C:\Users\M295\.m2\repository\org\junit\platform\junit-platform-commons\1.10.2\junit-platform-commons-1.10.2.jar;C:\Users\M295\.m2\repository\org\apiguardian\apiguardian-api\1.1.2\apiguardian-api-1.1.2.jar;C:\Users\M295\.m2\repository\org\springframework\boot\spring-boot-starter-security\3.2.3\spring-boot-starter-security-3.2.3.jar;C:\Users\M295\.m2\repository\org\springframework\spring-aop\6.1.4\spring-aop-6.1.4.jar;C:\Users\M295\.m2\repository\org\springframework\security\spring-security-config\6.2.2\spring-security-config-6.2.2.jar;C:\Users\M295\.m2\repository\org\springframework\security\spring-security-web\6.2.2\spring-security-web-6.2.2.jar;C:\Users\M295\.m2\repository\org\springframework\boot\spring-boot-starter-oauth2-resource-server\3.2.3\spring-boot-starter-oauth2-resource-server-3.2.3.jar;C:\Users\M295\.m2\repository\org\springframework\security\spring-security-core\6.2.2\spring-security-core-6.2.2.jar;C:\Users\M295\.m2\repository\org\springframework\security\spring-security-crypto\6.2.2\spring-security-crypto-6.2.2.jar;C:\Users\M295\.m2\repository\org\springframework\security\spring-security-oauth2-resource-server\6.2.2\spring-security-oauth2-resource-server-6.2.2.jar;C:\Users\M295\.m2\repository\org\springframework\security\spring-security-oauth2-core\6.2.2\spring-security-oauth2-core-6.2.2.jar;C:\Users\M295\.m2\repository\org\springframework\security\spring-security-oauth2-jose\6.2.2\spring-security-oauth2-jose-6.2.2.jar;C:\Users\M295\.m2\repository\com\nimbusds\nimbus-jose-jwt\9.24.4\nimbus-jose-jwt-9.24.4.jar;C:\Users\M295\.m2\repository\com\github\stephenc\jcip\jcip-annotations\1.0-1\jcip-annotations-1.0-1.jar;C:\Users\M295\.m2\repository\org\springdoc\springdoc-openapi-security\1.7.0\springdoc-openapi-security-1.7.0.jar;C:\Users\M295\.m2\repository\org\springdoc\springdoc-openapi-common\1.7.0\springdoc-openapi-common-1.7.0.jar;C:\Users\M295\.m2\repository\io\swagger\core\v3\swagger-core\2.2.9\swagger-core-2.2.9.jar;C:\Users\M295\.m2\repository\org\apache\commons\commons-lang3\3.13.0\commons-lang3-3.13.0.jar;C:\Users\M295\.m2\repository\com\fasterxml\jackson\dataformat\jackson-dataformat-yaml\2.15.4\jackson-dataformat-yaml-2.15.4.jar;C:\Users\M295\.m2\repository\io\swagger\core\v3\swagger-annotations\2.2.9\swagger-annotations-2.2.9.jar;C:\Users\M295\.m2\repository\io\swagger\core\v3\swagger-models\2.2.9\swagger-models-2.2.9.jar;C:\Users\M295\.m2\repository\org\junit\platform\junit-platform-suite\1.10.2\junit-platform-suite-1.10.2.jar;C:\Users\M295\.m2\repository\org\junit\platform\junit-platform-suite-api\1.10.2\junit-platform-suite-api-1.10.2.jar;C:\Users\M295\.m2\repository\org\junit\platform\junit-platform-suite-engine\1.10.2\junit-platform-suite-engine-1.10.2.jar;C:\Users\M295\.m2\repository\org\junit\platform\junit-platform-engine\1.10.2\junit-platform-engine-1.10.2.jar;C:\Users\M295\.m2\repository\org\junit\platform\junit-platform-suite-commons\1.10.2\junit-platform-suite-commons-1.10.2.jar;C:\Users\M295\.m2\repository\org\junit\platform\junit-platform-launcher\1.10.2\junit-platform-launcher-1.10.2.jar;"/>
    <property name="sun.cpu.endian" value="little"/>
    <property name="user.home" value="C:\Users\M295"/>
    <property name="user.language" value="de"/>
    <property name="java.specification.vendor" value="Oracle Corporation"/>
    <property name="java.version.date" value="2024-01-16"/>
    <property name="java.home" value="C:\Dev\Tools\jdk-21.0.2"/>
    <property name="file.separator" value="\"/>
    <property name="basedir" value="C:\Users\M295\Desktop\TaskMaster1"/>
    <property name="java.vm.compressedOopsMode" value="Zero based"/>
    <property name="line.separator" value="&#10;"/>
    <property name="java.vm.specification.vendor" value="Oracle Corporation"/>
    <property name="java.specification.name" value="Java Platform API Specification"/>
    <property name="FILE_LOG_CHARSET" value="UTF-8"/>
    <property name="java.awt.headless" value="true"/>
    <property name="surefire.real.class.path" value="C:\Users\M295\AppData\Local\Temp\surefire8482039178184099800\surefirebooter-20240419110403801_3.jar"/>
    <property name="user.script" value=""/>
    <property name="sun.management.compiler" value="HotSpot 64-Bit Tiered Compilers"/>
    <property name="java.runtime.version" value="21.0.2+13-58"/>
    <property name="user.name" value="M295"/>
    <property name="stdout.encoding" value="Cp1252"/>
    <property name="path.separator" value=";"/>
    <property name="os.version" value="10.0"/>
    <property name="java.runtime.name" value="OpenJDK Runtime Environment"/>
    <property name="file.encoding" value="UTF-8"/>
    <property name="java.vm.name" value="OpenJDK 64-Bit Server VM"/>
    <property name="localRepository" value="C:\Users\M295\.m2\repository"/>
    <property name="java.vendor.url.bug" value="https://bugreport.java.com/bugreport/"/>
    <property name="java.io.tmpdir" value="C:\Users\M295\AppData\Local\Temp\"/>
    <property name="idea.version" value="2023.3.6"/>
    <property name="com.zaxxer.hikari.pool_number" value="2"/>
    <property name="catalina.home" value="C:\Users\M295\AppData\Local\Temp\tomcat.9090.6358833308362013704"/>
    <property name="java.version" value="21.0.2"/>
    <property name="user.dir" value="C:\Users\M295\Desktop\TaskMaster1"/>
    <property name="os.arch" value="amd64"/>
    <property name="java.vm.specification.name" value="Java Virtual Machine Specification"/>
    <property name="PID" value="4712"/>
    <property name="sun.os.patch.level" value=""/>
    <property name="CONSOLE_LOG_CHARSET" value="UTF-8"/>
    <property name="catalina.base" value="C:\Users\M295\AppData\Local\Temp\tomcat.9090.6358833308362013704"/>
    <property name="native.encoding" value="Cp1252"/>
    <property name="java.library.path" value="C:\Dev\Tools\jdk-21.0.2\bin;C:\Windows\Sun\Java\bin;C:\Windows\system32;C:\Windows;C:\Windows\system32;C:\Windows;C:\Windows\System32\Wbem;C:\Windows\System32\WindowsPowerShell\v1.0\;C:\Windows\System32\OpenSSH\;C:\Dev\Tools\jdk-21.0.2\bin;C:\Dev\Tools\apache-maven-3.9.6\bin;C:\Program Files\Git\cmd;C:\Users\M295\AppData\Local\Microsoft\WindowsApps;C:\Users\M295\AppData\Local\Programs\Microsoft VS Code\bin;."/>
    <property name="java.vm.info" value="mixed mode, sharing"/>
    <property name="stderr.encoding" value="Cp1252"/>
    <property name="java.vendor" value="Oracle Corporation"/>
    <property name="java.vm.version" value="21.0.2+13-58"/>
    <property name="sun.io.unicode.encoding" value="UnicodeLittle"/>
    <property name="java.class.version" value="65.0"/>
  </properties>
  <testcase name="testGetCategory" classname="taskmaster.RestControllerTests" time="0.588">
    <system-out><![CDATA[2024-04-19T11:04:08.490+02:00  INFO 4712 --- [           main] t.c.s.AnnotationConfigContextLoaderUtils : Could not detect default configuration classes for test class [taskmaster.RestControllerTests]: RestControllerTests does not declare any static, non-private, non-final, nested classes annotated with @Configuration.
2024-04-19T11:04:08.497+02:00  INFO 4712 --- [           main] .b.t.c.SpringBootTestContextBootstrapper : Found @SpringBootConfiguration taskmaster.Application for test class taskmaster.RestControllerTests

  .   ____          _            __ _ _
 /\\ / ___'_ __ _ _(_)_ __  __ _ \ \ \ \
( ( )\___ | '_ | '_| | '_ \/ _` | \ \ \ \
 \\/  ___)| |_)| | | | | || (_| |  ) ) ) )
  '  |____| .__|_| |_|_| |_\__, | / / / /
 =========|_|==============|___/=/_/_/_/
 :: Spring Boot ::                (v3.2.3)

2024-04-19T11:04:08.531+02:00  INFO 4712 --- [           main] taskmaster.RestControllerTests           : Starting RestControllerTests using Java 21.0.2 with PID 4712 (started by M295 in C:\Users\M295\Desktop\TaskMaster1)
2024-04-19T11:04:08.532+02:00  INFO 4712 --- [           main] taskmaster.RestControllerTests           : No active profile set, falling back to 1 default profile: "default"
2024-04-19T11:04:08.797+02:00  INFO 4712 --- [           main] .s.d.r.c.RepositoryConfigurationDelegate : Bootstrapping Spring Data JPA repositories in DEFAULT mode.
2024-04-19T11:04:08.806+02:00  INFO 4712 --- [           main] .s.d.r.c.RepositoryConfigurationDelegate : Finished Spring Data repository scanning in 9 ms. Found 3 JPA repository interfaces.
2024-04-19T11:04:09.381+02:00  INFO 4712 --- [           main] o.s.b.w.embedded.tomcat.TomcatWebServer  : Tomcat initialized with port 9090 (http)
2024-04-19T11:04:09.393+02:00  INFO 4712 --- [           main] o.apache.catalina.core.StandardService   : Starting service [Tomcat]
2024-04-19T11:04:09.393+02:00  INFO 4712 --- [           main] o.apache.catalina.core.StandardEngine    : Starting Servlet engine: [Apache Tomcat/10.1.19]
2024-04-19T11:04:09.453+02:00  INFO 4712 --- [           main] o.a.c.c.C.[Tomcat].[localhost].[/]       : Initializing Spring embedded WebApplicationContext
2024-04-19T11:04:09.454+02:00  INFO 4712 --- [           main] w.s.c.ServletWebServerApplicationContext : Root WebApplicationContext: initialization completed in 919 ms
2024-04-19T11:04:09.544+02:00  INFO 4712 --- [           main] o.hibernate.jpa.internal.util.LogHelper  : HHH000204: Processing PersistenceUnitInfo [name: default]
2024-04-19T11:04:09.547+02:00  INFO 4712 --- [           main] o.h.c.internal.RegionFactoryInitiator    : HHH000026: Second-level cache disabled
2024-04-19T11:04:09.551+02:00  INFO 4712 --- [           main] o.s.o.j.p.SpringPersistenceUnitInfo      : No LoadTimeWeaver setup: ignoring JPA class transformer
2024-04-19T11:04:09.552+02:00  INFO 4712 --- [           main] com.zaxxer.hikari.HikariDataSource       : HikariPool-2 - Starting...
2024-04-19T11:04:09.554+02:00  INFO 4712 --- [           main] com.zaxxer.hikari.pool.HikariPool        : HikariPool-2 - Added connection conn10: url=jdbc:h2:mem:d7aed8a8-c1e6-4348-b2fb-5632bf978786 user=SA
2024-04-19T11:04:09.554+02:00  INFO 4712 --- [           main] com.zaxxer.hikari.HikariDataSource       : HikariPool-2 - Start completed.
2024-04-19T11:04:09.617+02:00  INFO 4712 --- [           main] o.h.e.t.j.p.i.JtaPlatformInitiator       : HHH000489: No JTA platform available (set 'hibernate.transaction.jta.platform' to enable JTA platform integration)
Hibernate: create table category (category_id bigint generated by default as identity, color varchar(255) not null, title varchar(255) not null, primary key (category_id))
Hibernate: create table tag (tag_id bigint generated by default as identity, title varchar(255) not null, primary key (tag_id))
Hibernate: create table task (task_id bigint generated by default as identity, description varchar(255) not null, title varchar(255) not null, category_id bigint, primary key (task_id))
Hibernate: create table task_tag (task_id bigint not null, tag_id bigint not null)
Hibernate: alter table if exists task add constraint FKkjb4pwpo8oqc8fvkgbmiitsu9 foreign key (category_id) references category
Hibernate: alter table if exists task_tag add constraint FK9mp6455j6w7duvlo9cwok7s6j foreign key (tag_id) references tag
Hibernate: alter table if exists task_tag add constraint FKmnb6mkxwtvkg1utqig0ps56ne foreign key (task_id) references task
2024-04-19T11:04:09.623+02:00  INFO 4712 --- [           main] j.LocalContainerEntityManagerFactoryBean : Initialized JPA EntityManagerFactory for persistence unit 'default'
2024-04-19T11:04:09.869+02:00  WARN 4712 --- [           main] JpaBaseConfiguration$JpaWebConfiguration : spring.jpa.open-in-view is enabled by default. Therefore, database queries may be performed during view rendering. Explicitly configure spring.jpa.open-in-view to disable this warning
2024-04-19T11:04:10.201+02:00  INFO 4712 --- [           main] o.s.s.web.DefaultSecurityFilterChain     : Will secure any request with [org.springframework.security.web.session.DisableEncodeUrlFilter@50cf26b7, org.springframework.security.web.context.request.async.WebAsyncManagerIntegrationFilter@611c9d31, org.springframework.security.web.context.SecurityContextHolderFilter@6967cdee, org.springframework.security.web.header.HeaderWriterFilter@d4a4ba, org.springframework.web.filter.CorsFilter@1d8cfad5, org.springframework.security.web.csrf.CsrfFilter@7118a1b9, org.springframework.security.web.authentication.logout.LogoutFilter@5634f627, org.springframework.security.oauth2.server.resource.web.authentication.BearerTokenAuthenticationFilter@48d68740, org.springframework.security.web.savedrequest.RequestCacheAwareFilter@7ca29492, org.springframework.security.web.servletapi.SecurityContextHolderAwareRequestFilter@6e1787ba, org.springframework.security.web.authentication.AnonymousAuthenticationFilter@337fac72, org.springframework.security.web.access.ExceptionTranslationFilter@53eb4ef5, org.springframework.security.web.access.intercept.AuthorizationFilter@26f29ee5]
2024-04-19T11:04:10.469+02:00  INFO 4712 --- [           main] o.a.c.c.C.[Tomcat].[localhost].[/]       : Initializing Spring TestDispatcherServlet ''
2024-04-19T11:04:10.469+02:00  INFO 4712 --- [           main] o.s.t.web.servlet.TestDispatcherServlet  : Initializing Servlet ''
2024-04-19T11:04:10.471+02:00  INFO 4712 --- [           main] o.s.t.web.servlet.TestDispatcherServlet  : Completed initialization in 2 ms
2024-04-19T11:04:10.521+02:00  INFO 4712 --- [           main] o.s.b.w.embedded.tomcat.TomcatWebServer  : Tomcat started on port 9090 (http) with context path ''
2024-04-19T11:04:10.526+02:00  INFO 4712 --- [           main] taskmaster.RestControllerTests           : Started RestControllerTests in 2.023 seconds (process running for 6.616)
Hibernate: insert into category (color,title,category_id) values (?,?,default)
Hibernate: insert into category (color,title,category_id) values (?,?,default)
Hibernate: select c1_0.category_id,c1_0.color,c1_0.title from category c1_0 order by c1_0.title
Hibernate: select t1_0.category_id,t1_0.task_id,t1_0.description,t1_0.title from task t1_0 where t1_0.category_id=?
Hibernate: select t1_0.category_id,t1_0.task_id,t1_0.description,t1_0.title from task t1_0 where t1_0.category_id=?

MockHttpServletRequest:
      HTTP Method = GET
      Request URI = /api/category
       Parameters = {_csrf=[b4c33464-6c5e-42bf-a957-74aa7d17b0d3]}
          Headers = [Authorization:"Bearer eyJhbGciOiJSUzI1NiIsInR5cCIgOiAiSldUIiwia2lkIiA6ICJTU3VxV19rcXktUldpT2xfZnltdHNySEJsMGVaTWQ0bTJsUUJLOFVFYWVJIn0.eyJleHAiOjE3MTQzODE0NTAsImlhdCI6MTcxMzUxNzQ1MCwianRpIjoiOGE0OWRlZWYtYzI0Zi00NzE3LWFmODctZjdhYmRhNzBhOTUxIiwiaXNzIjoiaHR0cDovL2xvY2FsaG9zdDo4MDgwL3JlYWxtcy9UYXNrTWFzdGVyIiwiYXVkIjoiYWNjb3VudCIsInN1YiI6IjUzOTUyZTkxLTE1OTYtNDQ4Zi1hNTMzLTAyMDZlNGEyYjQyYiIsInR5cCI6IkJlYXJlciIsImF6cCI6InRhc2ttYXN0ZXIiLCJzZXNzaW9uX3N0YXRlIjoiMDRhZGMwMDItMWYwNi00ZGU1LWFiMzUtNTgyZjBmODljYmUyIiwiYWNyIjoiMSIsImFsbG93ZWQtb3JpZ2lucyI6WyJodHRwOi8vbG9jYWxob3N0OjkwOTAiLCJodHRwOi8vbG9jYWxob3N0OjQyMDAiXSwicmVhbG1fYWNjZXNzIjp7InJvbGVzIjpbIm9mZmxpbmVfYWNjZXNzIiwidW1hX2F1dGhvcml6YXRpb24iLCJkZWZhdWx0LXJvbGVzLXRhc2ttYXN0ZXIiXX0sInJlc291cmNlX2FjY2VzcyI6eyJ0YXNrbWFzdGVyIjp7InJvbGVzIjpbIlJPTEVfYWRtaW4iLCJST0xFX3VwZGF0ZSIsIlJPTEVfcmVhZCJdfSwiYWNjb3VudCI6eyJyb2xlcyI6WyJtYW5hZ2UtYWNjb3VudCIsIm1hbmFnZS1hY2NvdW50LWxpbmtzIiwidmlldy1wcm9maWxlIl19fSwic2NvcGUiOiJvcGVuaWQgZW1haWwgb2ZmbGluZV9hY2Nlc3MgcHJvZmlsZSIsInNpZCI6IjA0YWRjMDAyLTFmMDYtNGRlNS1hYjM1LTU4MmYwZjg5Y2JlMiIsImVtYWlsX3ZlcmlmaWVkIjpmYWxzZSwibmFtZSI6ImFkbWluIGFkbWluIiwicHJlZmVycmVkX3VzZXJuYW1lIjoiYWRtaW4iLCJnaXZlbl9uYW1lIjoiYWRtaW4iLCJmYW1pbHlfbmFtZSI6ImFkbWluIiwiZW1haWwiOiJhZG1pbkB0ZXN0LmNvbSJ9.bYu7h4YnPT002UFt2e9v9-jnWG1BVivogzHpP6BaKrtTVI1fnlzW0txWS28fB_vbmcJG3m_yNYv5UinKzikSHCeQ4jpeeX7gHWWJwiHMfsSglr0LK33XCP3f9mBMPjkNOAOQ8vfc0G1c0QVkOIwG47DAsyA4RlfBgGRJKRxCgIAWSdpYiP6nZBF6va4zzDM1tqmUjFmECYLlfrWjopsOd1bM8axeGyBxH8nZALwQ0aPhz5x9LFOsEdOK-ePBJVdsO-W9F2t3lf_bxEE2jrKjV5flmZg83MYAMCjX2ZibjLX3PrtPQqmKze31P3Podj4s05Ph136zRqMS7lZpWfLK4Q"]
             Body = null
    Session Attrs = {}

Handler:
             Type = taskmaster.Category.CategoryController
           Method = taskmaster.Category.CategoryController#all()

Async:
    Async started = false
     Async result = null

Resolved Exception:
             Type = null

ModelAndView:
        View name = null
             View = null
            Model = null

FlashMap:
       Attributes = null

MockHttpServletResponse:
           Status = 200
    Error message = null
          Headers = [Vary:"Origin", "Access-Control-Request-Method", "Access-Control-Request-Headers", Content-Type:"application/json", X-Content-Type-Options:"nosniff", X-XSS-Protection:"0", Cache-Control:"no-cache, no-store, max-age=0, must-revalidate", Pragma:"no-cache", Expires:"0", X-Frame-Options:"DENY"]
     Content type = application/json
             Body = [{"categoryId":1,"title":"test1","color":"Red","tasks":[]},{"categoryId":2,"title":"test2","color":"Blue","tasks":[]}]
    Forwarded URL = null
   Redirected URL = null
          Cookies = []
]]></system-out>
  </testcase>
  <testcase name="testGetCategoryClubById" classname="taskmaster.RestControllerTests" time="0.256">
    <system-out><![CDATA[Hibernate: select c1_0.category_id,c1_0.color,c1_0.title from category c1_0 where c1_0.category_id=?
Hibernate: select t1_0.category_id,t1_0.task_id,t1_0.description,t1_0.title from task t1_0 where t1_0.category_id=?

MockHttpServletRequest:
      HTTP Method = GET
      Request URI = /api/category/1
       Parameters = {_csrf=[a3f02395-e9e8-46db-ab07-cecc688607a9]}
          Headers = [Authorization:"Bearer eyJhbGciOiJSUzI1NiIsInR5cCIgOiAiSldUIiwia2lkIiA6ICJTU3VxV19rcXktUldpT2xfZnltdHNySEJsMGVaTWQ0bTJsUUJLOFVFYWVJIn0.eyJleHAiOjE3MTQzODE0NTEsImlhdCI6MTcxMzUxNzQ1MSwianRpIjoiN2MxMmEyZjktMmYxNS00MmY3LTliYjItYWJiNzg5NThlODcyIiwiaXNzIjoiaHR0cDovL2xvY2FsaG9zdDo4MDgwL3JlYWxtcy9UYXNrTWFzdGVyIiwiYXVkIjoiYWNjb3VudCIsInN1YiI6IjUzOTUyZTkxLTE1OTYtNDQ4Zi1hNTMzLTAyMDZlNGEyYjQyYiIsInR5cCI6IkJlYXJlciIsImF6cCI6InRhc2ttYXN0ZXIiLCJzZXNzaW9uX3N0YXRlIjoiYzJiNmVhNTgtNGQ5OS00M2QzLWI4MDgtMmZmY2VkODk3Y2Y0IiwiYWNyIjoiMSIsImFsbG93ZWQtb3JpZ2lucyI6WyJodHRwOi8vbG9jYWxob3N0OjkwOTAiLCJodHRwOi8vbG9jYWxob3N0OjQyMDAiXSwicmVhbG1fYWNjZXNzIjp7InJvbGVzIjpbIm9mZmxpbmVfYWNjZXNzIiwidW1hX2F1dGhvcml6YXRpb24iLCJkZWZhdWx0LXJvbGVzLXRhc2ttYXN0ZXIiXX0sInJlc291cmNlX2FjY2VzcyI6eyJ0YXNrbWFzdGVyIjp7InJvbGVzIjpbIlJPTEVfYWRtaW4iLCJST0xFX3VwZGF0ZSIsIlJPTEVfcmVhZCJdfSwiYWNjb3VudCI6eyJyb2xlcyI6WyJtYW5hZ2UtYWNjb3VudCIsIm1hbmFnZS1hY2NvdW50LWxpbmtzIiwidmlldy1wcm9maWxlIl19fSwic2NvcGUiOiJvcGVuaWQgZW1haWwgb2ZmbGluZV9hY2Nlc3MgcHJvZmlsZSIsInNpZCI6ImMyYjZlYTU4LTRkOTktNDNkMy1iODA4LTJmZmNlZDg5N2NmNCIsImVtYWlsX3ZlcmlmaWVkIjpmYWxzZSwibmFtZSI6ImFkbWluIGFkbWluIiwicHJlZmVycmVkX3VzZXJuYW1lIjoiYWRtaW4iLCJnaXZlbl9uYW1lIjoiYWRtaW4iLCJmYW1pbHlfbmFtZSI6ImFkbWluIiwiZW1haWwiOiJhZG1pbkB0ZXN0LmNvbSJ9.O3OCfiRPqN8_Jrd1DusT6B3zl5YeQTG_oQ0zxk3VqVmV1hNKFt_aU4roBnACP8TEHpwRHt2mkV45FuSA_b5D2bix4iFw69MHq223PrOf01u63A0ezb92AgcHrmZdUFD4LhJEU6LQaoSZDCtRgOTW6ipbWtBJ7e9RZp5kxwO-raZ2YTQQ1YU-xbXkFf4aedaJKdw4c_9zpXI98wXew35MR5PpoXS1U6EvRMM4thv3luOrtls1G9jWG1FLvHtGJ9tfC_lFOZWsfjqufVWFQKj05aeIhXntNhfUgNPSBG_ZSpLi04XVwtOD8W0wNKQ1XUEKIQm1RPmh3BE5B8obj5BH8Q"]
             Body = null
    Session Attrs = {}

Handler:
             Type = taskmaster.Category.CategoryController
           Method = taskmaster.Category.CategoryController#one(Long)

Async:
    Async started = false
     Async result = null

Resolved Exception:
             Type = null

ModelAndView:
        View name = null
             View = null
            Model = null

FlashMap:
       Attributes = null

MockHttpServletResponse:
           Status = 200
    Error message = null
          Headers = [Vary:"Origin", "Access-Control-Request-Method", "Access-Control-Request-Headers", Content-Type:"application/json", X-Content-Type-Options:"nosniff", X-XSS-Protection:"0", Cache-Control:"no-cache, no-store, max-age=0, must-revalidate", Pragma:"no-cache", Expires:"0", X-Frame-Options:"DENY"]
     Content type = application/json
             Body = {"categoryId":1,"title":"test1","color":"Red","tasks":[]}
    Forwarded URL = null
   Redirected URL = null
          Cookies = []
]]></system-out>
  </testcase>
  <testcase name="testNewCategoryClub" classname="taskmaster.RestControllerTests" time="0.288">
    <system-out><![CDATA[Hibernate: insert into category (color,title,category_id) values (?,?,default)

MockHttpServletRequest:
      HTTP Method = POST
      Request URI = /api/category
       Parameters = {_csrf=[e749be93-3537-49bd-a7c9-36be836bc286]}
          Headers = [Content-Type:"application/json;charset=UTF-8", Authorization:"Bearer eyJhbGciOiJSUzI1NiIsInR5cCIgOiAiSldUIiwia2lkIiA6ICJTU3VxV19rcXktUldpT2xfZnltdHNySEJsMGVaTWQ0bTJsUUJLOFVFYWVJIn0.eyJleHAiOjE3MTQzODE0NTEsImlhdCI6MTcxMzUxNzQ1MSwianRpIjoiYTc5NWFlZDEtYTk0OC00YjcxLWI3ZWUtYjc3MTk4ODA0Nzk1IiwiaXNzIjoiaHR0cDovL2xvY2FsaG9zdDo4MDgwL3JlYWxtcy9UYXNrTWFzdGVyIiwiYXVkIjoiYWNjb3VudCIsInN1YiI6IjUzOTUyZTkxLTE1OTYtNDQ4Zi1hNTMzLTAyMDZlNGEyYjQyYiIsInR5cCI6IkJlYXJlciIsImF6cCI6InRhc2ttYXN0ZXIiLCJzZXNzaW9uX3N0YXRlIjoiMmMzOGQwZGEtMTVmNi00Y2MwLWFiMjctNmQ4YmFjMDkzZWE4IiwiYWNyIjoiMSIsImFsbG93ZWQtb3JpZ2lucyI6WyJodHRwOi8vbG9jYWxob3N0OjkwOTAiLCJodHRwOi8vbG9jYWxob3N0OjQyMDAiXSwicmVhbG1fYWNjZXNzIjp7InJvbGVzIjpbIm9mZmxpbmVfYWNjZXNzIiwidW1hX2F1dGhvcml6YXRpb24iLCJkZWZhdWx0LXJvbGVzLXRhc2ttYXN0ZXIiXX0sInJlc291cmNlX2FjY2VzcyI6eyJ0YXNrbWFzdGVyIjp7InJvbGVzIjpbIlJPTEVfYWRtaW4iLCJST0xFX3VwZGF0ZSIsIlJPTEVfcmVhZCJdfSwiYWNjb3VudCI6eyJyb2xlcyI6WyJtYW5hZ2UtYWNjb3VudCIsIm1hbmFnZS1hY2NvdW50LWxpbmtzIiwidmlldy1wcm9maWxlIl19fSwic2NvcGUiOiJvcGVuaWQgZW1haWwgb2ZmbGluZV9hY2Nlc3MgcHJvZmlsZSIsInNpZCI6IjJjMzhkMGRhLTE1ZjYtNGNjMC1hYjI3LTZkOGJhYzA5M2VhOCIsImVtYWlsX3ZlcmlmaWVkIjpmYWxzZSwibmFtZSI6ImFkbWluIGFkbWluIiwicHJlZmVycmVkX3VzZXJuYW1lIjoiYWRtaW4iLCJnaXZlbl9uYW1lIjoiYWRtaW4iLCJmYW1pbHlfbmFtZSI6ImFkbWluIiwiZW1haWwiOiJhZG1pbkB0ZXN0LmNvbSJ9.hJTeASVfLjW743CX2K2cuZfu7lNoynov8D1Om3_Aojcbm3a_XPJBVQ1dfH_kdjy1keljCtJgujV9a-bsbi7rGqBm0Y_cSUaa0kIbl9gr1bEdvyycpKlBZV473AtVveaT8eTBYDewd3P6b-hECsRil9t_gtUcee_Kkd4BAzno9xqkvStS7Geo8Wo2MChGAhcWZbbG4aifoP7yNeUC0wz01ByHaMhHeK833yDMIzxLZfcVPTI3z0KZoVcxR7NG_WU_NVwkvrfhPsMA5ZPcS97L-pmmYv95COp8HE3bPbvOwGWOhnAjcJFRGX7lrac2-FHY9CGIhKPYLFC3S7yQ2rg7Gg", Content-Length:"65"]
             Body = {"categoryId":null,"title":"test3","color":"Yellow","tasks":null}
    Session Attrs = {}

Handler:
             Type = taskmaster.Category.CategoryController
           Method = taskmaster.Category.CategoryController#newCategory(Category)

Async:
    Async started = false
     Async result = null

Resolved Exception:
             Type = null

ModelAndView:
        View name = null
             View = null
            Model = null

FlashMap:
       Attributes = null

MockHttpServletResponse:
           Status = 200
    Error message = null
          Headers = [Vary:"Origin", "Access-Control-Request-Method", "Access-Control-Request-Headers", Content-Type:"application/json", X-Content-Type-Options:"nosniff", X-XSS-Protection:"0", Cache-Control:"no-cache, no-store, max-age=0, must-revalidate", Pragma:"no-cache", Expires:"0", X-Frame-Options:"DENY"]
     Content type = application/json
             Body = {"categoryId":3,"title":"test3","color":"Yellow","tasks":null}
    Forwarded URL = null
   Redirected URL = null
          Cookies = []
]]></system-out>
  </testcase>
  <testcase name="testDeleteCategoryClub" classname="taskmaster.RestControllerTests" time="0.458">
    <system-out><![CDATA[Hibernate: select count(*) from category c1_0 where c1_0.category_id=?
Hibernate: select c1_0.category_id,c1_0.color,c1_0.title from category c1_0 where c1_0.category_id=?
Hibernate: select t1_0.category_id,t1_0.task_id,t1_0.description,t1_0.title from task t1_0 where t1_0.category_id=?
Hibernate: delete from category where category_id=?

MockHttpServletRequest:
      HTTP Method = DELETE
      Request URI = /api/category/1
       Parameters = {_csrf=[75720597-ae6e-4be9-9443-a94d6c90f36f]}
          Headers = [Authorization:"Bearer eyJhbGciOiJSUzI1NiIsInR5cCIgOiAiSldUIiwia2lkIiA6ICJTU3VxV19rcXktUldpT2xfZnltdHNySEJsMGVaTWQ0bTJsUUJLOFVFYWVJIn0.eyJleHAiOjE3MTQzODE0NTEsImlhdCI6MTcxMzUxNzQ1MSwianRpIjoiODBjMWVhM2QtNmVjNy00NjQ3LWI5NzItYzk2NjdjYjg3YmRhIiwiaXNzIjoiaHR0cDovL2xvY2FsaG9zdDo4MDgwL3JlYWxtcy9UYXNrTWFzdGVyIiwiYXVkIjoiYWNjb3VudCIsInN1YiI6IjUzOTUyZTkxLTE1OTYtNDQ4Zi1hNTMzLTAyMDZlNGEyYjQyYiIsInR5cCI6IkJlYXJlciIsImF6cCI6InRhc2ttYXN0ZXIiLCJzZXNzaW9uX3N0YXRlIjoiMmJhMzcwZmYtMTY1OC00NTE3LTg2ZjItZDczMjhiMDE5NzZjIiwiYWNyIjoiMSIsImFsbG93ZWQtb3JpZ2lucyI6WyJodHRwOi8vbG9jYWxob3N0OjkwOTAiLCJodHRwOi8vbG9jYWxob3N0OjQyMDAiXSwicmVhbG1fYWNjZXNzIjp7InJvbGVzIjpbIm9mZmxpbmVfYWNjZXNzIiwidW1hX2F1dGhvcml6YXRpb24iLCJkZWZhdWx0LXJvbGVzLXRhc2ttYXN0ZXIiXX0sInJlc291cmNlX2FjY2VzcyI6eyJ0YXNrbWFzdGVyIjp7InJvbGVzIjpbIlJPTEVfYWRtaW4iLCJST0xFX3VwZGF0ZSIsIlJPTEVfcmVhZCJdfSwiYWNjb3VudCI6eyJyb2xlcyI6WyJtYW5hZ2UtYWNjb3VudCIsIm1hbmFnZS1hY2NvdW50LWxpbmtzIiwidmlldy1wcm9maWxlIl19fSwic2NvcGUiOiJvcGVuaWQgZW1haWwgb2ZmbGluZV9hY2Nlc3MgcHJvZmlsZSIsInNpZCI6IjJiYTM3MGZmLTE2NTgtNDUxNy04NmYyLWQ3MzI4YjAxOTc2YyIsImVtYWlsX3ZlcmlmaWVkIjpmYWxzZSwibmFtZSI6ImFkbWluIGFkbWluIiwicHJlZmVycmVkX3VzZXJuYW1lIjoiYWRtaW4iLCJnaXZlbl9uYW1lIjoiYWRtaW4iLCJmYW1pbHlfbmFtZSI6ImFkbWluIiwiZW1haWwiOiJhZG1pbkB0ZXN0LmNvbSJ9.XXcjYTUFSS45DbyAcyzCpbcqxZQSzDd5qu1R69SqeSvE95Q7mYY-CW5k0n_AKOJpB5jXlW50pyTRXTcNQYsrp-pGfNIw1ogv_JdcBB55Z8iSxE-Dw0lUlLMyLrbgq1w08jrSzUmyj2dYDLq4nretP1-2fo8EczbafQIQG2MACFFByiIV1jMlyQ5qIzxWZxhiu-fPlKBA7FIWKMYo3l1NLnG4ZN-rJRrzgEJ_hluZb6hqQja5_6OLMOfxTVASz-bE1Q-xf3cw3hJqxOxYazTEXi0WmdwScNk7yM079C4JWlfof-BK0JN8mgbUM__cbzrn6Kv75wP6W9-iDVkSptqu9g"]
             Body = null
    Session Attrs = {}

Handler:
             Type = taskmaster.Category.CategoryController
           Method = taskmaster.Category.CategoryController#deleteCategory(Long)

Async:
    Async started = false
     Async result = null

Resolved Exception:
             Type = null

ModelAndView:
        View name = null
             View = null
            Model = null

FlashMap:
       Attributes = null

MockHttpServletResponse:
           Status = 204
    Error message = null
          Headers = [Vary:"Origin", "Access-Control-Request-Method", "Access-Control-Request-Headers", X-Content-Type-Options:"nosniff", X-XSS-Protection:"0", Cache-Control:"no-cache, no-store, max-age=0, must-revalidate", Pragma:"no-cache", Expires:"0", X-Frame-Options:"DENY"]
     Content type = null
             Body = 
    Forwarded URL = null
   Redirected URL = null
          Cookies = []
]]></system-out>
  </testcase>
</testsuite>